  Boids.cpp
D:\BoidSimulation\CW2\BoidSimulation\Boids.cpp(9,37): warning C4305: 'argument': truncation from 'double' to 'float'
D:\BoidSimulation\CW2\BoidSimulation\Boids.cpp(13,95): warning C4244: 'argument': conversion from 'double' to 'float', possible loss of data
D:\BoidSimulation\CW2\BoidSimulation\Boids.cpp(13,69): warning C4244: 'argument': conversion from 'double' to 'float', possible loss of data
D:\BoidSimulation\CW2\BoidSimulation\Boids.cpp(13,43): warning C4244: 'argument': conversion from 'double' to 'float', possible loss of data
D:\BoidSimulation\CW2\BoidSimulation\Boids.cpp(14,101): warning C4244: 'argument': conversion from 'double' to 'float', possible loss of data
D:\BoidSimulation\CW2\BoidSimulation\Boids.cpp(14,73): warning C4244: 'argument': conversion from 'double' to 'float', possible loss of data
D:\BoidSimulation\CW2\BoidSimulation\Boids.cpp(14,45): warning C4244: 'argument': conversion from 'double' to 'float', possible loss of data
D:\BoidSimulation\CW2\BoidSimulation\Boids.cpp(17,103): warning C4244: 'argument': conversion from 'double' to 'float', possible loss of data
D:\BoidSimulation\CW2\BoidSimulation\Boids.cpp(17,74): warning C4244: 'argument': conversion from 'double' to 'float', possible loss of data
D:\BoidSimulation\CW2\BoidSimulation\Boids.cpp(17,45): warning C4244: 'argument': conversion from 'double' to 'float', possible loss of data
D:\BoidSimulation\CW2\BoidSimulation\Boids.cpp(18,91): warning C4244: 'argument': conversion from 'int' to 'float', possible loss of data
D:\BoidSimulation\CW2\BoidSimulation\Boids.cpp(39,15): warning C4244: '=': conversion from 'GLdouble' to 'float', possible loss of data
D:\BoidSimulation\CW2\BoidSimulation\Boids.cpp(40,15): warning C4244: '=': conversion from 'GLdouble' to 'float', possible loss of data
D:\BoidSimulation\CW2\BoidSimulation\Boids.cpp(41,15): warning C4244: '=': conversion from 'GLdouble' to 'float', possible loss of data
D:\BoidSimulation\CW2\BoidSimulation\Boids.cpp(45,15): warning C4244: '=': conversion from 'GLdouble' to 'float', possible loss of data
D:\BoidSimulation\CW2\BoidSimulation\Boids.cpp(46,15): warning C4244: '=': conversion from 'GLdouble' to 'float', possible loss of data
D:\BoidSimulation\CW2\BoidSimulation\Boids.cpp(47,15): warning C4244: '=': conversion from 'GLdouble' to 'float', possible loss of data
D:\BoidSimulation\CW2\BoidSimulation\Boids.cpp(58,14): warning C4244: 'initializing': conversion from 'double' to 'float', possible loss of data
D:\BoidSimulation\CW2\BoidSimulation\Boids.cpp(59,14): warning C4244: 'initializing': conversion from 'double' to 'float', possible loss of data
D:\BoidSimulation\CW2\BoidSimulation\Boids.cpp(101,35): warning C4305: '=': truncation from 'double' to 'float'
D:\BoidSimulation\CW2\BoidSimulation\Boids.cpp(106,54): warning C4244: '=': conversion from 'double' to 'float', possible loss of data
D:\BoidSimulation\CW2\BoidSimulation\Boids.cpp(110,15): warning C4244: '=': conversion from 'double' to 'float', possible loss of data
D:\BoidSimulation\CW2\BoidSimulation\Boids.cpp(110,35): warning C4244: '=': conversion from 'double' to 'float', possible loss of data
D:\BoidSimulation\CW2\BoidSimulation\Boids.cpp(110,56): warning C4244: '=': conversion from 'double' to 'float', possible loss of data
D:\BoidSimulation\CW2\BoidSimulation\Boids.cpp(110,75): warning C4244: '=': conversion from 'double' to 'float', possible loss of data
D:\BoidSimulation\CW2\BoidSimulation\Boids.cpp(110,93): warning C4244: '=': conversion from 'double' to 'float', possible loss of data
  Flock.cpp
D:\BoidSimulation\CW2\BoidSimulation\Boids.cpp(134,35): warning C4244: 'argument': conversion from 'double' to 'float', possible loss of data
D:\BoidSimulation\CW2\BoidSimulation\Flock.cpp(90,27): warning C4244: 'argument': conversion from 'float' to 'int', possible loss of data
D:\BoidSimulation\CW2\BoidSimulation\Flock.cpp(91,23): warning C4244: 'argument': conversion from 'float' to 'int', possible loss of data
D:\BoidSimulation\CW2\BoidSimulation\Flock.cpp(107,20): warning C4244: 'argument': conversion from 'float' to 'int', possible loss of data
  Main.cpp
D:\BoidSimulation\CW2\BoidSimulation\Flock.cpp(130,31): warning C4244: 'argument': conversion from 'double' to 'float', possible loss of data
D:\BoidSimulation\CW2\BoidSimulation\Main.cpp(14,13): warning C4244: 'initializing': conversion from 'int' to 'float', possible loss of data
D:\BoidSimulation\CW2\BoidSimulation\Main.cpp(50,20): warning C4244: '=': conversion from 'double' to 'float', possible loss of data
D:\BoidSimulation\CW2\BoidSimulation\Main.cpp(74,75): warning C4244: 'argument': conversion from 'int' to 'float', possible loss of data
D:\BoidSimulation\CW2\BoidSimulation\Main.cpp(74,54): warning C4244: 'argument': conversion from 'int' to 'float', possible loss of data
D:\BoidSimulation\CW2\BoidSimulation\Main.cpp(74,90): warning C4244: 'argument': conversion from 'int' to 'float', possible loss of data
D:\BoidSimulation\CW2\BoidSimulation\Main.cpp(126,23): warning C4305: '+=': truncation from 'double' to 'float'
D:\BoidSimulation\CW2\BoidSimulation\Main.cpp(127,39): warning C4305: '-=': truncation from 'double' to 'float'
D:\BoidSimulation\CW2\BoidSimulation\Main.cpp(133,38): warning C4305: '-=': truncation from 'double' to 'float'
D:\BoidSimulation\CW2\BoidSimulation\Main.cpp(134,38): warning C4305: '+=': truncation from 'double' to 'float'
D:\BoidSimulation\CW2\BoidSimulation\Main.cpp(151,15): warning C4305: '-=': truncation from 'double' to 'float'
  Movement.cpp
D:\BoidSimulation\CW2\BoidSimulation\Main.cpp(154,15): warning C4305: '+=': truncation from 'double' to 'float'
D:\BoidSimulation\CW2\BoidSimulation\Movement.cpp(206,25): warning C4244: 'argument': conversion from 'double' to 'GLfloat', possible loss of data
D:\BoidSimulation\CW2\BoidSimulation\Movement.cpp(206,30): warning C4305: 'argument': truncation from 'double' to 'GLfloat'
D:\BoidSimulation\CW2\BoidSimulation\Movement.cpp(207,25): warning C4244: 'argument': conversion from 'double' to 'GLfloat', possible loss of data
D:\BoidSimulation\CW2\BoidSimulation\Movement.cpp(207,30): warning C4305: 'argument': truncation from 'double' to 'GLfloat'
  Generating Code...
D:\BoidSimulation\CW2\BoidSimulation\Movement.cpp(208,31): warning C4305: 'argument': truncation from 'double' to 'GLfloat'
  BoidSimulation.vcxproj -> D:\BoidSimulation\CW2\x64\Debug\BoidSimulation.exe
